<?xml version="1.0" encoding="UTF-8"?>
<!-- Generated by org.testng.reporters.JUnitXMLReporter -->
<testsuite ignored="0" hostname="DESKTOP-NU77B6K" failures="1" tests="3" name="ExecutingListeners" time="0.163" errors="0" timestamp="2021-05-12T11:54:53 IST">
  <testcase classname="listeners.ListenersTest" name="loginByEmail" time="0.015"/>
  <testcase classname="listeners.ListenersTest" name="loginByFacebook" time="0.006">
    <failure type="java.lang.AssertionError" message="expected [kumar] but found [pavan]">
      <![CDATA[java.lang.AssertionError: expected [kumar] but found [pavan]
at listeners.ListenersTest.loginByFacebook(ListenersTest.java:23)
at java.base/java.util.ArrayList.forEach(ArrayList.java:1511)
... Removed 33 stack frames]]>
    </failure>
  </testcase> <!-- loginByFacebook -->
  <testcase classname="listeners.ListenersTest" name="setup" time="0.003"/>
</testsuite> <!-- ExecutingListeners -->
